<?xml version="1.0" encoding="UTF-8"?>
<!-- Generated by org.testng.reporters.JUnitReportReporter -->
<testsuite hostname="LTIN234012" failures="0" tests="2" name="testCases.TC_001_CourseraPage" time="4.019" errors="0" timestamp="2024-02-11T23:27:19 IST" skipped="0">
  <testcase classname="testCases.TC_001_CourseraPage" name="check_survey_visibility" time="3.824"/>
  <testcase classname="testCases.TC_001_CourseraPage" name="Verify_CourseraPage" time="0.195"/>
</testsuite> <!-- testCases.TC_001_CourseraPage -->
