<?xml version="1.0" encoding="UTF-8"?>
<!-- Generated by org.testng.reporters.JUnitReportReporter -->
<testsuite hostname="LTIN234012" failures="0" tests="5" name="testCases.TC_002_Courses" time="16.731" errors="0" timestamp="2024-02-11T23:27:19 IST" skipped="0">
  <testcase classname="testCases.TC_002_Courses" name="verify_SearchIcon" time="3.268"/>
  <testcase classname="testCases.TC_002_Courses" name="search_courses" time="12.120"/>
  <testcase classname="testCases.TC_002_Courses" name="select_levels" time="0.692"/>
  <testcase classname="testCases.TC_002_Courses" name="select_langs" time="0.617"/>
  <testcase classname="testCases.TC_002_Courses" name="scrollUp" time="0.034"/>
</testsuite> <!-- testCases.TC_002_Courses -->
