<?xml version="1.0" encoding="UTF-8"?>
<!-- Generated by org.testng.reporters.JUnitReportReporter -->
<testsuite hostname="LTIN234012" failures="0" tests="1" name="testCases.TC_003_WebDevelopmentCourses" time="1.507" errors="0" timestamp="2024-02-11T23:27:19 IST" skipped="0">
  <testcase classname="testCases.TC_003_WebDevelopmentCourses" name="course_name" time="1.507"/>
</testsuite> <!-- testCases.TC_003_WebDevelopmentCourses -->
